draw.h(7): Error! E1055: Unable to open 'graphics.h'
draw.h(12): Warning! W138: No newline at end of file
draw.c(570): Warning! W138: No newline at end of file
main.c(488): Warning! W107: Missing return value for function 'main'
main.c(488): Warning! W138: No newline at end of file
draw.c(570): Warning! W138: No newline at end of file
main.c(505): Warning! W107: Missing return value for function 'main'
main.c(505): Warning! W138: No newline at end of file
draw.c(29): Error! E1011: Symbol 'VESA_1024x768x8bit' has not been declared
draw.c(30): Warning! W131: No prototype found for function 'initgraph'
draw.c(31): Warning! W131: No prototype found for function 'cleardevice'
draw.c(32): Warning! W131: No prototype found for function 'load_8bit_bmp'
draw.c(37): Warning! W131: No prototype found for function 'setcolor'
draw.c(38): Warning! W131: No prototype found for function 'rectangle'
draw.c(39): Error! E1011: Symbol '_fill_color' has not been declared
draw.c(40): Warning! W131: No prototype found for function 'floodfill'
draw.c(41): Error! E1011: Symbol 'WHITE' has not been declared
draw.c(42): Warning! W131: No prototype found for function 'outtextxy'
draw.c(52): Error! E1011: Symbol '_fill_color' has not been declared
draw.c(54): Error! E1011: Symbol 'WHITE' has not been declared
draw.c(65): Error! E1011: Symbol '_fill_color' has not been declared
draw.c(67): Error! E1011: Symbol 'WHITE' has not been declared
draw.c(83): Error! E1011: Symbol 'EGA_BLUE' has not been declared
draw.c(84): Warning! W131: No prototype found for function 'line'
draw.c(170): Error! E1011: Symbol 'EGA_YELLOW' has not been declared
draw.c(171): Warning! W131: No prototype found for function 'circle'
draw.c(177): Error! E1011: Symbol 'EGA_YELLOW' has not been declared
draw.c(185): Error! E1011: Symbol 'MAGENTA' has not been declared
draw.c(193): Error! E1011: Symbol 'EGA_BLACK' has not been declared
draw.c(194): Error! E1011: Symbol '_fill_color' has not been declared
draw.c(194): Error! E1011: Symbol 'BLACK' has not been declared
draw.c(195): Warning! W131: No prototype found for function 'bar'
draw.c(196): Error! E1011: Symbol 'GREEN' has not been declared
draw.c(197): Warning! W131: No prototype found for function 'settextstyle'
draw.c(205): Error! E1011: Symbol 'YELLOW' has not been declared
draw.c(210): Warning! W131: No prototype found for function 'ellipse'
draw.c(211): Error! E1011: Symbol 'PI' has not been declared
draw.c(220): Error! E1011: Symbol 'YELLOW' has not been declared
draw.c(226): Error! E1011: Symbol 'PI' has not been declared
draw.c(249): Error! E1147: Too many errors: compilation aborted
